<?xml version="1.0" encoding="UTF-8"?>
<!-- Generated by org.testng.reporters.JUnitReportReporter -->
<testsuite hostname="LP-13" name="Functional_Scenarios.ACSTZWByMediumAnyOtherCategory" tests="1" failures="0" timestamp="24 Aug 2015 18:48:25 GMT" time="159.941" errors="0">
  <testcase name="executeTestCase" time="159.941" classname="Functional_Scenarios.ACSTZWByMediumAnyOtherCategory"/>
</testsuite> <!-- Functional_Scenarios.ACSTZWByMediumAnyOtherCategory -->
