<?xml version="1.0" encoding="UTF-8"?>
<!-- Generated by org.testng.reporters.JUnitReportReporter -->
<testsuite hostname="LP-13" name="Functional_Scenarios.ACSTZWByMediumTopFloorCategory" tests="1" failures="0" timestamp="24 Aug 2015 18:48:25 GMT" time="161.109" errors="0">
  <testcase name="executeTestCase" time="161.109" classname="Functional_Scenarios.ACSTZWByMediumTopFloorCategory"/>
</testsuite> <!-- Functional_Scenarios.ACSTZWByMediumTopFloorCategory -->
