<?xml version="1.0" encoding="UTF-8"?>
<!-- Generated by org.testng.reporters.JUnitReportReporter -->
<testsuite hostname="LP-13" name="Functional_Scenarios.ACSTZWBySmallAnyOtherCategory" tests="1" failures="0" timestamp="24 Aug 2015 18:48:25 GMT" time="161.978" errors="0">
  <testcase name="executeTestCase" time="161.978" classname="Functional_Scenarios.ACSTZWBySmallAnyOtherCategory"/>
</testsuite> <!-- Functional_Scenarios.ACSTZWBySmallAnyOtherCategory -->
